<?xml version="1.0" encoding="UTF-8"?>
<!-- Generated by org.testng.reporters.JUnitXMLReporter -->
<testsuite hostname="VBOLLIMU-YJKRM" ignored="0" name="Default test" tests="8" failures="0" timestamp="2021-10-08T00:02:50 IST" time="47.37" errors="0">
  <testcase name="verifyTestInsurancePageStatusCode" time="13.578" classname="testcases.WHReviewTest"/>
  <testcase name="verifyLogin" time="10.051" classname="testcases.WHReviewTest"/>
  <testcase name="validateReview" time="3.216" classname="testcases.WHReviewTest"/>
  <testcase name="verifyReviewPageHeader" time="0.255" classname="testcases.WHReviewTest"/>
  <testcase name="validateDropdown" time="0.719" classname="testcases.WHReviewTest"/>
  <testcase name="validateDropdown" time="0.625" classname="testcases.WHReviewTest"/>
  <testcase name="verifyReviewContent" time="1.406" classname="testcases.WHReviewTest"/>
  <testcase name="verifySubmittedReview" time="11.905" classname="testcases.WHReviewTest"/>
</testsuite> <!-- Default test -->
